<?xml version="1.0" encoding="UTF-8"?>
<testsuite xmlns:xsi="http://www.w3.org/2001/XMLSchema-instance" xsi:noNamespaceSchemaLocation="https://maven.apache.org/surefire/maven-surefire-plugin/xsd/surefire-test-report.xsd" name="com.jyt.reggie_take_out.ReggieTakeOutApplicationTests" time="5.484" tests="1" errors="0" skipped="0" failures="0">
  <properties>
    <property name="sun.desktop" value="windows"/>
    <property name="awt.toolkit" value="sun.awt.windows.WToolkit"/>
    <property name="file.encoding.pkg" value="sun.io"/>
    <property name="java.specification.version" value="1.8"/>
    <property name="sun.cpu.isalist" value="amd64"/>
    <property name="sun.jnu.encoding" value="GBK"/>
    <property name="java.class.path" value="D:\idea1\reggie_take_out\target\test-classes;D:\idea1\reggie_take_out\target\classes;E:\maven\localRepository\org\springframework\boot\spring-boot-starter-web\2.7.9\spring-boot-starter-web-2.7.9.jar;E:\maven\localRepository\org\springframework\boot\spring-boot-starter\2.7.9\spring-boot-starter-2.7.9.jar;E:\maven\localRepository\org\springframework\boot\spring-boot\2.7.9\spring-boot-2.7.9.jar;E:\maven\localRepository\org\springframework\boot\spring-boot-starter-logging\2.7.9\spring-boot-starter-logging-2.7.9.jar;E:\maven\localRepository\ch\qos\logback\logback-classic\1.2.11\logback-classic-1.2.11.jar;E:\maven\localRepository\ch\qos\logback\logback-core\1.2.11\logback-core-1.2.11.jar;E:\maven\localRepository\org\apache\logging\log4j\log4j-to-slf4j\2.17.2\log4j-to-slf4j-2.17.2.jar;E:\maven\localRepository\org\apache\logging\log4j\log4j-api\2.17.2\log4j-api-2.17.2.jar;E:\maven\localRepository\org\slf4j\jul-to-slf4j\1.7.36\jul-to-slf4j-1.7.36.jar;E:\maven\localRepository\jakarta\annotation\jakarta.annotation-api\1.3.5\jakarta.annotation-api-1.3.5.jar;E:\maven\localRepository\org\yaml\snakeyaml\1.30\snakeyaml-1.30.jar;E:\maven\localRepository\org\springframework\boot\spring-boot-starter-json\2.7.9\spring-boot-starter-json-2.7.9.jar;E:\maven\localRepository\com\fasterxml\jackson\core\jackson-databind\2.13.5\jackson-databind-2.13.5.jar;E:\maven\localRepository\com\fasterxml\jackson\core\jackson-annotations\2.13.5\jackson-annotations-2.13.5.jar;E:\maven\localRepository\com\fasterxml\jackson\core\jackson-core\2.13.5\jackson-core-2.13.5.jar;E:\maven\localRepository\com\fasterxml\jackson\datatype\jackson-datatype-jdk8\2.13.5\jackson-datatype-jdk8-2.13.5.jar;E:\maven\localRepository\com\fasterxml\jackson\datatype\jackson-datatype-jsr310\2.13.5\jackson-datatype-jsr310-2.13.5.jar;E:\maven\localRepository\com\fasterxml\jackson\module\jackson-module-parameter-names\2.13.5\jackson-module-parameter-names-2.13.5.jar;E:\maven\localRepository\org\springframework\boot\spring-boot-starter-tomcat\2.7.9\spring-boot-starter-tomcat-2.7.9.jar;E:\maven\localRepository\org\apache\tomcat\embed\tomcat-embed-core\9.0.71\tomcat-embed-core-9.0.71.jar;E:\maven\localRepository\org\apache\tomcat\embed\tomcat-embed-el\9.0.71\tomcat-embed-el-9.0.71.jar;E:\maven\localRepository\org\apache\tomcat\embed\tomcat-embed-websocket\9.0.71\tomcat-embed-websocket-9.0.71.jar;E:\maven\localRepository\org\springframework\spring-web\5.3.25\spring-web-5.3.25.jar;E:\maven\localRepository\org\springframework\spring-beans\5.3.25\spring-beans-5.3.25.jar;E:\maven\localRepository\org\springframework\spring-webmvc\5.3.25\spring-webmvc-5.3.25.jar;E:\maven\localRepository\org\springframework\spring-aop\5.3.25\spring-aop-5.3.25.jar;E:\maven\localRepository\org\springframework\spring-context\5.3.25\spring-context-5.3.25.jar;E:\maven\localRepository\org\springframework\spring-expression\5.3.25\spring-expression-5.3.25.jar;E:\maven\localRepository\com\mysql\mysql-connector-j\8.0.32\mysql-connector-j-8.0.32.jar;E:\maven\localRepository\org\projectlombok\lombok\1.18.26\lombok-1.18.26.jar;E:\maven\localRepository\org\springframework\boot\spring-boot-starter-test\2.7.9\spring-boot-starter-test-2.7.9.jar;E:\maven\localRepository\org\springframework\boot\spring-boot-test\2.7.9\spring-boot-test-2.7.9.jar;E:\maven\localRepository\org\springframework\boot\spring-boot-test-autoconfigure\2.7.9\spring-boot-test-autoconfigure-2.7.9.jar;E:\maven\localRepository\com\jayway\jsonpath\json-path\2.7.0\json-path-2.7.0.jar;E:\maven\localRepository\net\minidev\json-smart\2.4.8\json-smart-2.4.8.jar;E:\maven\localRepository\net\minidev\accessors-smart\2.4.8\accessors-smart-2.4.8.jar;E:\maven\localRepository\org\ow2\asm\asm\9.1\asm-9.1.jar;E:\maven\localRepository\jakarta\xml\bind\jakarta.xml.bind-api\2.3.3\jakarta.xml.bind-api-2.3.3.jar;E:\maven\localRepository\jakarta\activation\jakarta.activation-api\1.2.2\jakarta.activation-api-1.2.2.jar;E:\maven\localRepository\org\assertj\assertj-core\3.22.0\assertj-core-3.22.0.jar;E:\maven\localRepository\org\hamcrest\hamcrest\2.2\hamcrest-2.2.jar;E:\maven\localRepository\org\junit\jupiter\junit-jupiter\5.8.2\junit-jupiter-5.8.2.jar;E:\maven\localRepository\org\junit\jupiter\junit-jupiter-api\5.8.2\junit-jupiter-api-5.8.2.jar;E:\maven\localRepository\org\opentest4j\opentest4j\1.2.0\opentest4j-1.2.0.jar;E:\maven\localRepository\org\junit\platform\junit-platform-commons\1.8.2\junit-platform-commons-1.8.2.jar;E:\maven\localRepository\org\apiguardian\apiguardian-api\1.1.2\apiguardian-api-1.1.2.jar;E:\maven\localRepository\org\junit\jupiter\junit-jupiter-params\5.8.2\junit-jupiter-params-5.8.2.jar;E:\maven\localRepository\org\junit\jupiter\junit-jupiter-engine\5.8.2\junit-jupiter-engine-5.8.2.jar;E:\maven\localRepository\org\junit\platform\junit-platform-engine\1.8.2\junit-platform-engine-1.8.2.jar;E:\maven\localRepository\org\mockito\mockito-core\4.5.1\mockito-core-4.5.1.jar;E:\maven\localRepository\net\bytebuddy\byte-buddy\1.12.23\byte-buddy-1.12.23.jar;E:\maven\localRepository\net\bytebuddy\byte-buddy-agent\1.12.23\byte-buddy-agent-1.12.23.jar;E:\maven\localRepository\org\objenesis\objenesis\3.2\objenesis-3.2.jar;E:\maven\localRepository\org\mockito\mockito-junit-jupiter\4.5.1\mockito-junit-jupiter-4.5.1.jar;E:\maven\localRepository\org\skyscreamer\jsonassert\1.5.1\jsonassert-1.5.1.jar;E:\maven\localRepository\com\vaadin\external\google\android-json\0.0.20131108.vaadin1\android-json-0.0.20131108.vaadin1.jar;E:\maven\localRepository\org\springframework\spring-core\5.3.25\spring-core-5.3.25.jar;E:\maven\localRepository\org\springframework\spring-jcl\5.3.25\spring-jcl-5.3.25.jar;E:\maven\localRepository\org\springframework\spring-test\5.3.25\spring-test-5.3.25.jar;E:\maven\localRepository\org\xmlunit\xmlunit-core\2.9.1\xmlunit-core-2.9.1.jar;E:\maven\localRepository\com\baomidou\mybatis-plus-boot-starter\3.4.1\mybatis-plus-boot-starter-3.4.1.jar;E:\maven\localRepository\com\baomidou\mybatis-plus\3.4.1\mybatis-plus-3.4.1.jar;E:\maven\localRepository\com\baomidou\mybatis-plus-extension\3.4.1\mybatis-plus-extension-3.4.1.jar;E:\maven\localRepository\com\baomidou\mybatis-plus-core\3.4.1\mybatis-plus-core-3.4.1.jar;E:\maven\localRepository\com\baomidou\mybatis-plus-annotation\3.4.1\mybatis-plus-annotation-3.4.1.jar;E:\maven\localRepository\com\github\jsqlparser\jsqlparser\3.2\jsqlparser-3.2.jar;E:\maven\localRepository\org\mybatis\mybatis\3.5.6\mybatis-3.5.6.jar;E:\maven\localRepository\org\mybatis\mybatis-spring\2.0.5\mybatis-spring-2.0.5.jar;E:\maven\localRepository\org\springframework\boot\spring-boot-autoconfigure\2.7.9\spring-boot-autoconfigure-2.7.9.jar;E:\maven\localRepository\org\springframework\boot\spring-boot-starter-jdbc\2.7.9\spring-boot-starter-jdbc-2.7.9.jar;E:\maven\localRepository\com\zaxxer\HikariCP\4.0.3\HikariCP-4.0.3.jar;E:\maven\localRepository\org\springframework\spring-jdbc\5.3.25\spring-jdbc-5.3.25.jar;E:\maven\localRepository\org\springframework\spring-tx\5.3.25\spring-tx-5.3.25.jar;E:\maven\localRepository\com\alibaba\fastjson\1.2.24\fastjson-1.2.24.jar;E:\maven\localRepository\commons-lang\commons-lang\2.5\commons-lang-2.5.jar;E:\maven\localRepository\com\alibaba\druid-spring-boot-starter\1.1.23\druid-spring-boot-starter-1.1.23.jar;E:\maven\localRepository\com\alibaba\druid\1.1.23\druid-1.1.23.jar;E:\maven\localRepository\org\slf4j\slf4j-api\1.7.36\slf4j-api-1.7.36.jar;"/>
    <property name="java.vm.vendor" value="Oracle Corporation"/>
    <property name="sun.arch.data.model" value="64"/>
    <property name="user.variant" value=""/>
    <property name="java.vendor.url" value="http://java.oracle.com/"/>
    <property name="user.timezone" value="Asia/Shanghai"/>
    <property name="java.vm.specification.version" value="1.8"/>
    <property name="os.name" value="Windows 10"/>
    <property name="user.country" value="CN"/>
    <property name="sun.java.launcher" value="SUN_STANDARD"/>
    <property name="sun.boot.library.path" value="D:\java\jdk1.8.0_152\jre\bin"/>
    <property name="sun.java.command" value="C:\Users\淡\AppData\Local\Temp\surefire6449511021757039559\surefirebooter7596073614492516132.jar C:\Users\淡\AppData\Local\Temp\surefire6449511021757039559 2023-03-01T20-12-44_710-jvmRun1 surefire3606862272304434569tmp surefire_04437228292555049631tmp"/>
    <property name="surefire.test.class.path" value="D:\idea1\reggie_take_out\target\test-classes;D:\idea1\reggie_take_out\target\classes;E:\maven\localRepository\org\springframework\boot\spring-boot-starter-web\2.7.9\spring-boot-starter-web-2.7.9.jar;E:\maven\localRepository\org\springframework\boot\spring-boot-starter\2.7.9\spring-boot-starter-2.7.9.jar;E:\maven\localRepository\org\springframework\boot\spring-boot\2.7.9\spring-boot-2.7.9.jar;E:\maven\localRepository\org\springframework\boot\spring-boot-starter-logging\2.7.9\spring-boot-starter-logging-2.7.9.jar;E:\maven\localRepository\ch\qos\logback\logback-classic\1.2.11\logback-classic-1.2.11.jar;E:\maven\localRepository\ch\qos\logback\logback-core\1.2.11\logback-core-1.2.11.jar;E:\maven\localRepository\org\apache\logging\log4j\log4j-to-slf4j\2.17.2\log4j-to-slf4j-2.17.2.jar;E:\maven\localRepository\org\apache\logging\log4j\log4j-api\2.17.2\log4j-api-2.17.2.jar;E:\maven\localRepository\org\slf4j\jul-to-slf4j\1.7.36\jul-to-slf4j-1.7.36.jar;E:\maven\localRepository\jakarta\annotation\jakarta.annotation-api\1.3.5\jakarta.annotation-api-1.3.5.jar;E:\maven\localRepository\org\yaml\snakeyaml\1.30\snakeyaml-1.30.jar;E:\maven\localRepository\org\springframework\boot\spring-boot-starter-json\2.7.9\spring-boot-starter-json-2.7.9.jar;E:\maven\localRepository\com\fasterxml\jackson\core\jackson-databind\2.13.5\jackson-databind-2.13.5.jar;E:\maven\localRepository\com\fasterxml\jackson\core\jackson-annotations\2.13.5\jackson-annotations-2.13.5.jar;E:\maven\localRepository\com\fasterxml\jackson\core\jackson-core\2.13.5\jackson-core-2.13.5.jar;E:\maven\localRepository\com\fasterxml\jackson\datatype\jackson-datatype-jdk8\2.13.5\jackson-datatype-jdk8-2.13.5.jar;E:\maven\localRepository\com\fasterxml\jackson\datatype\jackson-datatype-jsr310\2.13.5\jackson-datatype-jsr310-2.13.5.jar;E:\maven\localRepository\com\fasterxml\jackson\module\jackson-module-parameter-names\2.13.5\jackson-module-parameter-names-2.13.5.jar;E:\maven\localRepository\org\springframework\boot\spring-boot-starter-tomcat\2.7.9\spring-boot-starter-tomcat-2.7.9.jar;E:\maven\localRepository\org\apache\tomcat\embed\tomcat-embed-core\9.0.71\tomcat-embed-core-9.0.71.jar;E:\maven\localRepository\org\apache\tomcat\embed\tomcat-embed-el\9.0.71\tomcat-embed-el-9.0.71.jar;E:\maven\localRepository\org\apache\tomcat\embed\tomcat-embed-websocket\9.0.71\tomcat-embed-websocket-9.0.71.jar;E:\maven\localRepository\org\springframework\spring-web\5.3.25\spring-web-5.3.25.jar;E:\maven\localRepository\org\springframework\spring-beans\5.3.25\spring-beans-5.3.25.jar;E:\maven\localRepository\org\springframework\spring-webmvc\5.3.25\spring-webmvc-5.3.25.jar;E:\maven\localRepository\org\springframework\spring-aop\5.3.25\spring-aop-5.3.25.jar;E:\maven\localRepository\org\springframework\spring-context\5.3.25\spring-context-5.3.25.jar;E:\maven\localRepository\org\springframework\spring-expression\5.3.25\spring-expression-5.3.25.jar;E:\maven\localRepository\com\mysql\mysql-connector-j\8.0.32\mysql-connector-j-8.0.32.jar;E:\maven\localRepository\org\projectlombok\lombok\1.18.26\lombok-1.18.26.jar;E:\maven\localRepository\org\springframework\boot\spring-boot-starter-test\2.7.9\spring-boot-starter-test-2.7.9.jar;E:\maven\localRepository\org\springframework\boot\spring-boot-test\2.7.9\spring-boot-test-2.7.9.jar;E:\maven\localRepository\org\springframework\boot\spring-boot-test-autoconfigure\2.7.9\spring-boot-test-autoconfigure-2.7.9.jar;E:\maven\localRepository\com\jayway\jsonpath\json-path\2.7.0\json-path-2.7.0.jar;E:\maven\localRepository\net\minidev\json-smart\2.4.8\json-smart-2.4.8.jar;E:\maven\localRepository\net\minidev\accessors-smart\2.4.8\accessors-smart-2.4.8.jar;E:\maven\localRepository\org\ow2\asm\asm\9.1\asm-9.1.jar;E:\maven\localRepository\jakarta\xml\bind\jakarta.xml.bind-api\2.3.3\jakarta.xml.bind-api-2.3.3.jar;E:\maven\localRepository\jakarta\activation\jakarta.activation-api\1.2.2\jakarta.activation-api-1.2.2.jar;E:\maven\localRepository\org\assertj\assertj-core\3.22.0\assertj-core-3.22.0.jar;E:\maven\localRepository\org\hamcrest\hamcrest\2.2\hamcrest-2.2.jar;E:\maven\localRepository\org\junit\jupiter\junit-jupiter\5.8.2\junit-jupiter-5.8.2.jar;E:\maven\localRepository\org\junit\jupiter\junit-jupiter-api\5.8.2\junit-jupiter-api-5.8.2.jar;E:\maven\localRepository\org\opentest4j\opentest4j\1.2.0\opentest4j-1.2.0.jar;E:\maven\localRepository\org\junit\platform\junit-platform-commons\1.8.2\junit-platform-commons-1.8.2.jar;E:\maven\localRepository\org\apiguardian\apiguardian-api\1.1.2\apiguardian-api-1.1.2.jar;E:\maven\localRepository\org\junit\jupiter\junit-jupiter-params\5.8.2\junit-jupiter-params-5.8.2.jar;E:\maven\localRepository\org\junit\jupiter\junit-jupiter-engine\5.8.2\junit-jupiter-engine-5.8.2.jar;E:\maven\localRepository\org\junit\platform\junit-platform-engine\1.8.2\junit-platform-engine-1.8.2.jar;E:\maven\localRepository\org\mockito\mockito-core\4.5.1\mockito-core-4.5.1.jar;E:\maven\localRepository\net\bytebuddy\byte-buddy\1.12.23\byte-buddy-1.12.23.jar;E:\maven\localRepository\net\bytebuddy\byte-buddy-agent\1.12.23\byte-buddy-agent-1.12.23.jar;E:\maven\localRepository\org\objenesis\objenesis\3.2\objenesis-3.2.jar;E:\maven\localRepository\org\mockito\mockito-junit-jupiter\4.5.1\mockito-junit-jupiter-4.5.1.jar;E:\maven\localRepository\org\skyscreamer\jsonassert\1.5.1\jsonassert-1.5.1.jar;E:\maven\localRepository\com\vaadin\external\google\android-json\0.0.20131108.vaadin1\android-json-0.0.20131108.vaadin1.jar;E:\maven\localRepository\org\springframework\spring-core\5.3.25\spring-core-5.3.25.jar;E:\maven\localRepository\org\springframework\spring-jcl\5.3.25\spring-jcl-5.3.25.jar;E:\maven\localRepository\org\springframework\spring-test\5.3.25\spring-test-5.3.25.jar;E:\maven\localRepository\org\xmlunit\xmlunit-core\2.9.1\xmlunit-core-2.9.1.jar;E:\maven\localRepository\com\baomidou\mybatis-plus-boot-starter\3.4.1\mybatis-plus-boot-starter-3.4.1.jar;E:\maven\localRepository\com\baomidou\mybatis-plus\3.4.1\mybatis-plus-3.4.1.jar;E:\maven\localRepository\com\baomidou\mybatis-plus-extension\3.4.1\mybatis-plus-extension-3.4.1.jar;E:\maven\localRepository\com\baomidou\mybatis-plus-core\3.4.1\mybatis-plus-core-3.4.1.jar;E:\maven\localRepository\com\baomidou\mybatis-plus-annotation\3.4.1\mybatis-plus-annotation-3.4.1.jar;E:\maven\localRepository\com\github\jsqlparser\jsqlparser\3.2\jsqlparser-3.2.jar;E:\maven\localRepository\org\mybatis\mybatis\3.5.6\mybatis-3.5.6.jar;E:\maven\localRepository\org\mybatis\mybatis-spring\2.0.5\mybatis-spring-2.0.5.jar;E:\maven\localRepository\org\springframework\boot\spring-boot-autoconfigure\2.7.9\spring-boot-autoconfigure-2.7.9.jar;E:\maven\localRepository\org\springframework\boot\spring-boot-starter-jdbc\2.7.9\spring-boot-starter-jdbc-2.7.9.jar;E:\maven\localRepository\com\zaxxer\HikariCP\4.0.3\HikariCP-4.0.3.jar;E:\maven\localRepository\org\springframework\spring-jdbc\5.3.25\spring-jdbc-5.3.25.jar;E:\maven\localRepository\org\springframework\spring-tx\5.3.25\spring-tx-5.3.25.jar;E:\maven\localRepository\com\alibaba\fastjson\1.2.24\fastjson-1.2.24.jar;E:\maven\localRepository\commons-lang\commons-lang\2.5\commons-lang-2.5.jar;E:\maven\localRepository\com\alibaba\druid-spring-boot-starter\1.1.23\druid-spring-boot-starter-1.1.23.jar;E:\maven\localRepository\com\alibaba\druid\1.1.23\druid-1.1.23.jar;E:\maven\localRepository\org\slf4j\slf4j-api\1.7.36\slf4j-api-1.7.36.jar;"/>
    <property name="sun.cpu.endian" value="little"/>
    <property name="user.home" value="C:\Users\淡"/>
    <property name="user.language" value="zh"/>
    <property name="java.specification.vendor" value="Oracle Corporation"/>
    <property name="java.home" value="D:\java\jdk1.8.0_152\jre"/>
    <property name="basedir" value="D:\idea1\reggie_take_out"/>
    <property name="file.separator" value="\"/>
    <property name="line.separator" value="&#10;"/>
    <property name="java.vm.specification.vendor" value="Oracle Corporation"/>
    <property name="java.specification.name" value="Java Platform API Specification"/>
    <property name="java.awt.graphicsenv" value="sun.awt.Win32GraphicsEnvironment"/>
    <property name="surefire.real.class.path" value="C:\Users\淡\AppData\Local\Temp\surefire6449511021757039559\surefirebooter7596073614492516132.jar"/>
    <property name="sun.boot.class.path" value="D:\java\jdk1.8.0_152\jre\lib\resources.jar;D:\java\jdk1.8.0_152\jre\lib\rt.jar;D:\java\jdk1.8.0_152\jre\lib\sunrsasign.jar;D:\java\jdk1.8.0_152\jre\lib\jsse.jar;D:\java\jdk1.8.0_152\jre\lib\jce.jar;D:\java\jdk1.8.0_152\jre\lib\charsets.jar;D:\java\jdk1.8.0_152\jre\lib\jfr.jar;D:\java\jdk1.8.0_152\jre\classes"/>
    <property name="user.script" value=""/>
    <property name="sun.management.compiler" value="HotSpot 64-Bit Tiered Compilers"/>
    <property name="java.runtime.version" value="1.8.0_152-b16"/>
    <property name="user.name" value="淡"/>
    <property name="path.separator" value=";"/>
    <property name="os.version" value="10.0"/>
    <property name="java.endorsed.dirs" value="D:\java\jdk1.8.0_152\jre\lib\endorsed"/>
    <property name="java.runtime.name" value="Java(TM) SE Runtime Environment"/>
    <property name="file.encoding" value="GBK"/>
    <property name="java.vm.name" value="Java HotSpot(TM) 64-Bit Server VM"/>
    <property name="localRepository" value="E:\maven\localRepository"/>
    <property name="java.vendor.url.bug" value="http://bugreport.sun.com/bugreport/"/>
    <property name="java.io.tmpdir" value="C:\Users\淡\AppData\Local\Temp\"/>
    <property name="idea.version" value="2021.3"/>
    <property name="java.version" value="1.8.0_152"/>
    <property name="user.dir" value="D:\idea1\reggie_take_out"/>
    <property name="os.arch" value="amd64"/>
    <property name="java.vm.specification.name" value="Java Virtual Machine Specification"/>
    <property name="java.awt.printerjob" value="sun.awt.windows.WPrinterJob"/>
    <property name="sun.os.patch.level" value=""/>
    <property name="java.library.path" value="D:\java\jdk1.8.0_152\jre\bin;C:\WINDOWS\Sun\Java\bin;C:\WINDOWS\system32;C:\WINDOWS;C:\ProgramData\Oracle\Java\javapath;D:\VMware\bin\;C:\Windows\system32;C:\Windows;C:\Windows\System32\Wbem;C:\Windows\System32\WindowsPowerShell\v1.0\;C:\Windows\System32\OpenSSH\;C:\Program Files (x86)\NVIDIA Corporation\PhysX\Common;C:\Program Files\NVIDIA Corporation\NVIDIA NvDLISR;C:\Program Files (x86)\Microsoft SQL Server\100\Tools\Binn\;C:\Program Files\Microsoft SQL Server\100\Tools\Binn\;C:\Program Files\Microsoft SQL Server\100\DTS\Binn\;C:\WINDOWS\system32;C:\WINDOWS;C:\WINDOWS\System32\Wbem;C:\WINDOWS\System32\WindowsPowerShell\v1.0\;C:\WINDOWS\System32\OpenSSH\;C:\Program Files\MySQL\MySQL Server 5.5\bin;E:\mysql\mysql-8.0.26-winx64\bin;D:\androidstudio\sdk\tools;D:\androidstudio\sdk\platform-tools;D:\androidstudio\sdk\build-tools\32.0.0;D:\gradle-6.6.1\bin;D:\MAtLAB\runtime\win64;D:\MAtLAB\bin;D:\MAtLAB\polyspace\bin;D:\XAMPP\php;C:\Program Files\Git\cmd;E:\maven\apache-maven-3.6.3\bin;D:\java\jdk1.8.0_152\bin;D:\java\jdk1.8.0_152\lib\bin;D:\hadoopwi\hadoop-3.2.1\bin;C:\Program Files\dotnet\;C:\Program Files\Microsoft SQL Server\Client SDK\ODBC\170\Tools\Binn\;C:\Program Files\Azure Data Studio\bin;E:\Node.js\;E:\Node.js\node_global;D:\Git\cmd;D:\ffmpeg\ffmpeg-4.3.1-2021-01-01-essentials_build\bin;C:\Users\淡\AppData\Local\Microsoft\WindowsApps;D:\Microsoft VS Code\bin;D:\qq\QQGameTempest\Hall.57773\;D:\pycharm\PyCharm Community Edition 2022.1.1\bin;;D:\360MoveData\Users\dan\Desktop\fsdownload\hadoop-3.3.0\bin;D:\360MoveData\Users\dan\Desktop\fsdownload\hadoop-3.3.0\sbin;C:\Users\淡\.dotnet\tools;;C:\Program Files\Azure Data Studio\bin;C:\Users\淡\AppData\Roaming\npm;."/>
    <property name="java.vm.info" value="mixed mode"/>
    <property name="java.vendor" value="Oracle Corporation"/>
    <property name="java.vm.version" value="25.152-b16"/>
    <property name="java.ext.dirs" value="D:\java\jdk1.8.0_152\jre\lib\ext;C:\WINDOWS\Sun\Java\lib\ext"/>
    <property name="sun.io.unicode.encoding" value="UnicodeLittle"/>
    <property name="maven.repo.local" value="E:\maven\localRepository"/>
    <property name="java.class.version" value="52.0"/>
  </properties>
  <testcase name="contextLoads" classname="com.jyt.reggie_take_out.ReggieTakeOutApplicationTests" time="0.411"/>
</testsuite>